total 1080
-rw-r--r-- 1 root root  4285 2022-07-20 17:58:57.936056254 +0800 复读机 Chatbot.md
-rw-r--r-- 1 root root  1190 2022-07-20 16:44:36.592971184 +0800 github Gitee 大文件大型repo如何上传.md
-rw-r--r-- 1 root root  1101 2022-07-19 23:54:00.964069798 +0800 Cats video with lyrics_1.md
-rw-r--r-- 1 root root  1843 2022-07-19 23:54:00.964069798 +0800 IM MITM 聊天软件MITM.md
-rw-r--r-- 1 root root  3015 2022-07-19 23:54:00.964069798 +0800 Search Engines.md
-rw-r--r-- 1 root root   327 2022-07-19 23:54:00.964069798 +0800 SEO tools.md
-rw-r--r-- 1 root root  1707 2022-07-19 23:54:00.964069798 +0800 SEO 蓝海词 竞争度.md
-rw-r--r-- 1 root root  3540 2022-07-19 22:04:46.933631167 +0800 QQ 微信 信息提取 bot搭建.md
-rw-r--r-- 1 root root  1752 2022-07-18 12:33:34.197657347 +0800 NTFS recovery tool for bilibili cookie under AutoUP.md
-rw-r--r-- 1 root root     0 2022-07-18 12:31:04.353662334 +0800 Bilibili account retrieve.md
-rw-r--r-- 1 root root   868 2022-07-18 12:31:04.353662334 +0800 quantatitive financial stock market analysis.md
-rw-r--r-- 1 root root   408 2022-07-18 12:31:04.353662334 +0800 Sentence Word order corrector.md
-rw-r--r-- 1 root root  1272 2022-07-18 12:31:04.353662334 +0800 Topic Generation 话题发现 趋势发现 热点发现.md
-rw-r--r-- 1 root root  6287 2022-07-17 19:36:25.930297315 +0800 bilibili 搞笑区up 培训.md
-rw-r--r-- 1 root root  2583 2022-07-17 17:14:17.689209698 +0800 Video Database.md
-rw-r--r-- 1 root root   572 2022-07-17 12:28:53.415579522 +0800 模板创作模式 自媒体 洗稿.md
-rw-r--r-- 1 root root  2167 2022-07-16 17:44:53.570498757 +0800 Chatbot.md
-rw-r--r-- 1 root root  4143 2022-07-16 16:25:53.019674155 +0800 DeepNude Censorship.md
-rw-r--r-- 1 root root   163 2022-07-16 09:54:00.500393955 +0800 Heroku account.md
-rw-r--r-- 1 root root  1790 2022-07-16 09:53:23.952393048 +0800 2022-05-05-10-28-59.md
-rw-r--r-- 1 root root  2035 2022-07-16 09:53:23.952393048 +0800 变声软件 Morphvox alternatives.md
-rw-r--r-- 1 root root  2025 2022-07-15 22:51:22.855221614 +0800 标题生成.md
-rw-r--r-- 1 root root   253 2022-07-15 13:32:07.239370940 +0800 twilio account.md
-rw-r--r-- 1 root root  1832 2022-07-15 13:15:49.041796593 +0800 Pyatspi dogtail gnome accessibility gui inspect tool for linux a11y.md
-rw-r--r-- 1 root root  1435 2022-07-15 09:22:54.280138126 +0800 Hacking tutorials.md
-rw-r--r-- 1 root root   564 2022-07-15 09:22:54.280138126 +0800 动漫剪辑过审.md
-rw-r--r-- 1 root root   245 2022-07-15 09:22:54.280138126 +0800 程序员笑话 可当文案 jokes about programmers.md
-rw-r--r-- 1 root root  1240 2022-07-15 09:22:54.280138126 +0800 自动发短信 邮件 mail sms automatic sending ad broadcasting.md
-rw-r--r-- 1 root root  1185 2022-07-14 22:40:00.735005362 +0800 GIF Websites Funny Video Sources.md
-rw-r--r-- 1 root root   704 2022-07-14 21:59:41.800004222 +0800 PowerPoint 比较视频制作方法 Animation Software OSS Scriptable Flipcard.md
-rw-r--r-- 1 root root  1130 2022-07-14 16:59:32.321655959 +0800 HarmonyOS Device Log to MySQL.md
-rw-r--r-- 1 root root  2425 2022-07-14 13:18:56.629436684 +0800 百度 搜狗 公开API 搜索引擎爬虫 Baidu Search APIs Chatbot APIs.md
-rw-r--r-- 1 root root   959 2022-07-14 09:46:05.488632098 +0800 2022-01-13-01-10-37.md
-rw-r--r-- 1 root root   455 2022-07-14 09:46:05.488632098 +0800 人脸识别 Face Recognition.md
-rw-r--r-- 1 root root   754 2022-07-13 22:52:06.301624112 +0800 NLP Packages.md
-rw-r--r-- 1 root root   239 2022-07-13 11:11:10.810582519 +0800 Repl for Assembly Code.md
-rw-r--r-- 1 root root   332 2022-07-13 10:32:45.014951934 +0800 Create and Import Backups in StandardNotes.md
-rw-r--r-- 1 root root  6922 2022-07-13 10:32:45.014951934 +0800 Python ignore all exceptions and continue execute next line in given section of code.md
-rw-r--r-- 1 root root   642 2022-07-12 17:39:16.251576130 +0800 bilibili up主 入站了解 运作机制.md
-rw-r--r-- 1 root root   110 2022-07-12 17:39:16.251576130 +0800 bilibili up主启航计划.md
-rw-r--r-- 1 root root   111 2022-07-12 17:39:16.251576130 +0800 bilibili 生活区up 培训.md
-rw-r--r-- 1 root root   419 2022-07-12 17:39:16.251576130 +0800 cacani tweening_interpolating alternatives.md
-rw-r--r-- 1 root root   200 2022-07-12 17:39:16.251576130 +0800 ffmpeg python wrapper.md
-rw-r--r-- 1 root root   710 2022-07-12 17:39:16.251576130 +0800 github挖币.md
-rw-r--r-- 1 root root  7412 2022-07-12 17:39:16.251576130 +0800 gpt-2 ram requirements.md
-rw-r--r-- 1 root root  4347 2022-07-12 17:39:16.251576130 +0800 how to extend vmdk in oracle virtualbox.md
-rw-r--r-- 1 root root   488 2022-07-12 17:39:16.251576130 +0800 Movie Site Scraping 1.md
-rw-r--r-- 1 root root   773 2022-07-12 17:39:16.251576130 +0800 Music to video generator GAN.md
-rw-r--r-- 1 root root  4131 2022-07-12 17:39:16.251576130 +0800 MySQL Cheatsheet.md
-rw-r--r-- 1 root root   409 2022-07-12 17:39:16.251576130 +0800 NAS With Movie Download.md
-rw-r--r-- 1 root root   137 2022-07-12 17:39:16.251576130 +0800 Nautilus Hangs When Searching.md
-rw-r--r-- 1 root root   213 2022-07-12 17:39:16.251576130 +0800 Neo4j AuraDB.md
-rw-r--r-- 1 root root  2766 2022-07-12 17:39:16.251576130 +0800 Neo4j learning notes.md
-rw-r--r-- 1 root root 42449 2022-07-12 17:39:16.251576130 +0800 Neo4j Refcard.md
-rw-r--r-- 1 root root   278 2022-07-12 17:39:16.251576130 +0800 Optical Flow.md
-rw-r--r-- 1 root root   382 2022-07-12 17:39:16.251576130 +0800 Optical Flow, slow motion and more.md
-rw-r--r-- 1 root root   224 2022-07-12 17:39:16.251576130 +0800 playwright intercept request header cookie.md
-rw-r--r-- 1 root root   242 2022-07-12 17:39:16.251576130 +0800 pyjom producer.md
-rw-r--r-- 1 root root  3536 2022-07-12 17:39:16.251576130 +0800 Python Media Automation.md
-rw-r--r-- 1 root root   228 2022-07-12 17:39:16.251576130 +0800 Pytorch OOM_1.md
-rw-r--r-- 1 root root   174 2022-07-12 17:39:16.251576130 +0800 Pytorch OOM.md
-rw-r--r-- 1 root root   125 2022-07-12 17:39:16.251576130 +0800 QQ password.md
-rw-r--r-- 1 root root  8732 2022-07-12 17:39:16.251576130 +0800 Redis Cheatsheet.md
-rw-r--r-- 1 root root   202 2022-07-12 17:39:16.251576130 +0800 Remote Jobs.md
-rw-r--r-- 1 root root   549 2022-07-12 17:39:16.251576130 +0800 Roll in Bed在床上翻滚.md
-rw-r--r-- 1 root root  2936 2022-07-12 17:39:16.251576130 +0800 RSS Feeds.md
-rw-r--r-- 1 root root   281 2022-07-12 17:39:16.251576130 +0800 Self hosted web applications.md
-rw-r--r-- 1 root root   431 2022-07-12 17:39:16.251576130 +0800 Setup Gitee SSH Keys for GitJournal.md
-rw-r--r-- 1 root root   505 2022-07-12 17:39:16.251576130 +0800 ShapeShifters.md
-rw-r--r-- 1 root root   336 2022-07-12 17:39:16.251576130 +0800 Simple Viral Video Generators.md
-rw-r--r-- 1 root root   400 2022-07-12 17:39:16.251576130 +0800 Sketch based applications.md
-rw-r--r-- 1 root root   427 2022-07-12 17:39:16.251576130 +0800 Social Media Platforms.md
-rw-r--r-- 1 root root  1414 2022-07-12 17:39:16.251576130 +0800 Soul API.md
-rw-r--r-- 1 root root   159 2022-07-12 17:39:16.251576130 +0800 Sound Effects.md
-rw-r--r-- 1 root root   280 2022-07-12 17:39:16.251576130 +0800 Source code semantic search tool.md
-rw-r--r-- 1 root root   218 2022-07-12 17:39:16.251576130 +0800 SpeedUp Tujia Scraping.md
-rw-r--r-- 1 root root   191 2022-07-12 17:39:16.251576130 +0800 Terminal autocomplete.md
-rw-r--r-- 1 root root   214 2022-07-12 17:39:16.251576130 +0800 The Exam.md
-rw-r--r-- 1 root root  4445 2022-07-12 17:39:16.251576130 +0800 The Hack (Get password and tests).md
-rw-r--r-- 1 root root   402 2022-07-12 17:39:16.251576130 +0800 The Interesting Life.md
-rw-r--r-- 1 root root   199 2022-07-12 17:39:16.251576130 +0800 The phone.md
-rw-r--r-- 1 root root  1230 2022-07-12 17:39:16.251576130 +0800 the singing bot.md
-rw-r--r-- 1 root root   362 2022-07-12 17:39:16.251576130 +0800 Time Series Analysis.md
-rw-r--r-- 1 root root  3227 2022-07-12 17:39:16.251576130 +0800 Translators for Casual usage.md
-rw-r--r-- 1 root root   240 2022-07-12 17:39:16.251576130 +0800 TypeMonkey 字说 OSS alternative.md
-rw-r--r-- 1 root root 29047 2022-07-12 17:39:16.251576130 +0800 Userscript and info_data collection.md
-rw-r--r-- 1 root root   641 2022-07-12 17:39:16.251576130 +0800 Video Anticensor.md
-rw-r--r-- 1 root root  2484 2022-07-12 17:39:16.251576130 +0800 Video Cutting with audio categorizer.md
-rw-r--r-- 1 root root   508 2022-07-12 17:39:16.251576130 +0800 Video delogo_inpainting.md
-rw-r--r-- 1 root root   999 2022-07-12 17:39:16.251576130 +0800 Video Editors.md
-rw-r--r-- 1 root root   814 2022-07-12 17:39:16.251576130 +0800 Video Effects Transitions.md
-rw-r--r-- 1 root root   347 2022-07-12 17:39:16.251576130 +0800 video picture in picture detection.md
-rw-r--r-- 1 root root   193 2022-07-12 17:39:16.251576130 +0800 vscode extension create publisher.md
-rw-r--r-- 1 root root   717 2022-07-12 17:39:16.251576130 +0800 Worth Trying Remote Computer Connection.md
-rw-r--r-- 1 root root   271 2022-07-12 17:39:16.251576130 +0800 Youtube Monitization 油管变现.md
-rw-r--r-- 1 root root   141 2022-07-12 17:39:16.251576130 +0800 中科院账号.md
-rw-r--r-- 1 root root 19379 2022-07-12 17:39:16.251576130 +0800 什么样的环境会促成ISTP人格.md
-rw-r--r-- 1 root root    95 2022-07-12 17:39:16.251576130 +0800 传播学 2.md
-rw-r--r-- 1 root root    95 2022-07-12 17:39:16.251576130 +0800 传播学.md
-rw-r--r-- 1 root root  3226 2022-07-12 17:39:16.251576130 +0800 全自动电影解说软件介绍.md
-rw-r--r-- 1 root root   408 2022-07-12 17:39:16.251576130 +0800 哔哩哔哩 接口 Bilibili APIs.md
-rw-r--r-- 1 root root   263 2022-07-12 17:39:16.251576130 +0800 复习补考的科目.md
-rw-r--r-- 1 root root   489 2022-07-12 17:39:16.251576130 +0800 女装 femboy.md
-rw-r--r-- 1 root root   390 2022-07-12 17:39:16.251576130 +0800 如何永久的影响世界.md
-rw-r--r-- 1 root root   261 2022-07-12 17:39:16.251576130 +0800 开放api 信息来源.md
-rw-r--r-- 1 root root   137 2022-07-12 17:39:16.251576130 +0800 捡塑料瓶机器人 吸硬币 回收硬币机器人.md
-rw-r--r-- 1 root root  1458 2022-07-12 17:39:16.251576130 +0800 控油 祛痘.md
-rw-r--r-- 1 root root  3542 2022-07-12 17:39:16.251576130 +0800 推荐系统 GNN.md
-rw-r--r-- 1 root root   146 2022-07-12 17:39:16.251576130 +0800 搜狗输入法AI功能.md
-rw-r--r-- 1 root root   753 2022-07-12 17:39:16.251576130 +0800 智能手表防水 泡温泉.md
-rw-r--r-- 1 root root  1174 2022-07-12 17:39:16.251576130 +0800 水冷散热注意.md
-rw-r--r-- 1 root root   114 2022-07-12 17:39:16.251576130 +0800 海外哔哩哔哩.md
-rw-r--r-- 1 root root  2736 2022-07-12 17:39:16.251576130 +0800 淘宝短视频.md
-rw-r--r-- 1 root root   651 2022-07-12 17:39:16.251576130 +0800 现代 后现代 Vtuber 流行趋势.md
-rw-r--r-- 1 root root   181 2022-07-12 17:39:16.251576130 +0800 百度贴吧转化笔记.md
-rw-r--r-- 1 root root  1064 2022-07-12 17:39:16.251576130 +0800 睡觉时间 内脏工作时间.md
-rw-r--r-- 1 root root  4755 2022-07-12 17:39:16.251576130 +0800 视频分析处理 剧本生成.md
-rw-r--r-- 1 root root   411 2022-07-12 17:39:16.251576130 +0800 资本 政治 商业 统治 管理 原理.md
-rw-r--r-- 1 root root  3585 2022-07-12 17:39:16.251576130 +0800 踩点 音乐识别.md
-rw-r--r-- 1 root root   501 2022-07-12 17:39:16.251576130 +0800 途家scraping api.md
-rw-r--r-- 1 root root   305 2022-07-12 17:39:16.251576130 +0800 长头发注意.md
-rw-r--r-- 1 root root  1012 2022-07-12 17:39:16.247576130 +0800 187fd2da45fcb4448f060830c830f812.png
-rw-r--r-- 1 root root  2102 2022-07-12 17:39:16.247576130 +0800 2022-01-12-20-32-45.md
-rw-r--r-- 1 root root   694 2022-07-12 17:39:16.247576130 +0800 2022-01-12-23-06-34.md
-rw-r--r-- 1 root root  4664 2022-07-12 17:39:16.247576130 +0800 2022-01-28-23-49-12.md
-rw-r--r-- 1 root root   786 2022-07-12 17:39:16.247576130 +0800 2022-02-19-11-37-13.md
-rw-r--r-- 1 root root   290 2022-07-12 17:39:16.247576130 +0800 2022-02-22-15-55-23.md
-rw-r--r-- 1 root root   367 2022-07-12 17:39:16.247576130 +0800 2022-02-25-14-23-59.md
-rw-r--r-- 1 root root   725 2022-07-12 17:39:16.247576130 +0800 2022-05-05-10-23-53.md
-rw-r--r-- 1 root root   605 2022-07-12 17:39:16.247576130 +0800 2022-05-05-15-06-08.md
-rw-r--r-- 1 root root   399 2022-07-12 17:39:16.247576130 +0800 2022-05-28-19-13-40.md
-rw-r--r-- 1 root root   390 2022-07-12 17:39:16.247576130 +0800 2022-05-28-19-19-58.md
-rw-r--r-- 1 root root   969 2022-07-12 17:39:16.247576130 +0800 2022-05-28-19-26-34.md
-rw-r--r-- 1 root root   398 2022-07-12 17:39:16.247576130 +0800 2022-05-29-11-41-31.md
-rw-r--r-- 1 root root   996 2022-07-12 17:39:16.247576130 +0800 2022-05-29-11-52-26.md
-rw-r--r-- 1 root root   338 2022-07-12 17:39:16.247576130 +0800 2022-05-29-11-57-06.md
-rw-r--r-- 1 root root  3778 2022-07-12 17:39:16.247576130 +0800 2022-05-29-12-27-55.md
-rw-r--r-- 1 root root   611 2022-07-12 17:39:16.247576130 +0800 2022-05-29-13-18-28.md
-rw-r--r-- 1 root root   646 2022-07-12 17:39:16.247576130 +0800 2022-05-29-15-13-46.md
-rw-r--r-- 1 root root   147 2022-07-12 17:39:16.247576130 +0800 2022-05-29-15-19-09.md
-rw-r--r-- 1 root root   959 2022-07-12 17:39:16.247576130 +0800 2022-05-29-15-20-13.md
-rw-r--r-- 1 root root   242 2022-07-12 17:39:16.247576130 +0800 2022-05-29-15-32-37.md
-rw-r--r-- 1 root root   302 2022-07-12 17:39:16.247576130 +0800 2022-05-29-15-39-13.md
-rw-r--r-- 1 root root   805 2022-07-12 17:39:16.247576130 +0800 2022-05-29-15-42-34.md
-rw-r--r-- 1 root root   194 2022-07-12 17:39:16.247576130 +0800 2022-05-29-15-49-34.md
-rw-r--r-- 1 root root   475 2022-07-12 17:39:16.247576130 +0800 2022-05-29-16-03-27.md
-rw-r--r-- 1 root root   458 2022-07-12 17:39:16.247576130 +0800 2022-05-29-16-05-24.md
-rw-r--r-- 1 root root   668 2022-07-12 17:39:16.247576130 +0800 2022-05-29-16-10-06.md
-rw-r--r-- 1 root root   299 2022-07-12 17:39:16.247576130 +0800 2022-05-29-16-11-58.md
-rw-r--r-- 1 root root 22851 2022-07-12 17:39:16.247576130 +0800 2022-06-04-04-14-08.md
-rw-r--r-- 1 root root   737 2022-07-12 17:39:16.247576130 +0800 Advanced ASS subtitle Karaoke Effects.md
-rw-r--r-- 1 root root   688 2022-07-12 17:39:16.247576130 +0800 After Termux Reinstallation.md
-rw-r--r-- 1 root root   296 2022-07-12 17:39:16.247576130 +0800 Agile Freelancing.md
-rw-r--r-- 1 root root   267 2022-07-12 17:39:16.247576130 +0800 A good_bad proposal on v2ray.md
-rw-r--r-- 1 root root  1028 2022-07-12 17:39:16.247576130 +0800 AI上色.md
-rw-r--r-- 1 root root   406 2022-07-12 17:39:16.247576130 +0800 AI训练集标注工具.md
-rw-r--r-- 1 root root  1805 2022-07-12 17:39:16.247576130 +0800 Algorithm.md
-rw-r--r-- 1 root root   595 2022-07-12 17:39:16.247576130 +0800 Algorithms Compilers SICP CLRS CT4S.md
-rw-r--r-- 1 root root  1854 2022-07-12 17:39:16.247576130 +0800 Android 10 clipboard issur for scrcpy.md
-rw-r--r-- 1 root root   110 2022-07-12 17:39:16.247576130 +0800 Android Emulators.md
-rw-r--r-- 1 root root   902 2022-07-12 17:39:16.247576130 +0800 Anime smile detection_ segmentation.md
-rw-r--r-- 1 root root 18196 2022-07-12 17:39:16.247576130 +0800 Anonymity and open access to internet.md
-rw-r--r-- 1 root root   220 2022-07-12 17:39:16.247576130 +0800 Articulated Animation.md
-rw-r--r-- 1 root root   496 2022-07-12 17:39:16.247576130 +0800 Attractive Dynamic plus attractive video.md
-rw-r--r-- 1 root root 10130 2022-07-12 17:39:16.247576130 +0800 Baidu Account Registration.md
-rw-r--r-- 1 root root 38443 2022-07-12 17:39:16.247576130 +0800 Baidu Tieba Login (QR Code).md
-rw-r--r-- 1 root root   362 2022-07-12 17:39:16.247576130 +0800 Beautify 美颜.md
-rw-r--r-- 1 root root  1229 2022-07-12 17:39:16.247576130 +0800 Bookmark Browsing History Collection.md
-rw-r--r-- 1 root root   410 2022-07-12 17:39:16.247576130 +0800 Boot into Linux commandline (tty).md
-rw-r--r-- 1 root root   192 2022-07-12 17:39:16.247576130 +0800 Captured School Wifi Credentials.md
-rw-r--r-- 1 root root  9217 2022-07-12 17:39:16.247576130 +0800 Cats video with lyrics_2.md
-rw-r--r-- 1 root root  1919 2022-07-12 17:39:16.247576130 +0800 Cats video with lyrics.md
-rw-r--r-- 1 root root   143 2022-07-12 17:39:16.247576130 +0800 CITIC Security.md
-rw-r--r-- 1 root root   305 2022-07-12 17:39:16.247576130 +0800 Code Batch Change Tool (the new sed).md
-rw-r--r-- 1 root root   184 2022-07-12 17:39:16.247576130 +0800 Content Usage.md
-rw-r--r-- 1 root root   174 2022-07-12 17:39:16.247576130 +0800 Converting partial Zhihu viral content.md
-rw-r--r-- 1 root root  1434 2022-07-12 17:39:16.247576130 +0800 Copilot_Codex alternative.md
-rw-r--r-- 1 root root   137 2022-07-12 17:39:16.247576130 +0800 CrossDressing.md
-rw-r--r-- 1 root root   469 2022-07-12 17:39:16.247576130 +0800 Cut Music Scenes With Lyrics and BPM.md
-rw-r--r-- 1 root root   329 2022-07-12 17:39:16.247576130 +0800 Deepfake face swap.md
-rw-r--r-- 1 root root  7412 2022-07-12 17:39:16.247576130 +0800 DNA Cancer Prediction.md
-rw-r--r-- 1 root root   342 2022-07-12 17:39:16.247576130 +0800 Dynamic Classification System.md
-rw-r--r-- 1 root root   635 2022-07-12 17:39:16.247576130 +0800 Emotion manipulation.md
-rw-r--r-- 1 root root   187 2022-07-12 17:39:16.247576130 +0800 Enable multiple concurrent RDP sessions on windows.md
-rw-r--r-- 1 root root   523 2022-07-12 17:39:16.247576130 +0800 English Courseware scraping.md
-rw-r--r-- 1 root root   249 2022-07-12 17:39:16.247576130 +0800 Extract voice from professional sources.md
-rw-r--r-- 1 root root   221 2022-07-12 17:39:16.247576130 +0800 Fall detection can be used for media filtering.md
-rw-r--r-- 1 root root   943 2022-07-12 17:39:16.247576130 +0800 Game Player's Logic.md
-rw-r--r-- 1 root root   185 2022-07-12 17:39:16.247576130 +0800 Github account creation.md
-rw-r--r-- 1 root root   162 2022-07-12 17:39:16.247576130 +0800 Github and Stackoverflow acceleration.md
-rw-r--r-- 1 root root   296 2022-07-12 17:39:16.247576130 +0800 Github Bookmarks from James4deutschland.md
-rw-r--r-- 1 root root   361 2022-07-12 17:39:16.247576130 +0800 Google Account.md
-rw-r--r-- 1 root root   664 2022-07-12 17:39:16.247576130 +0800 GPT-2 以及文本生成.md
-rw-r--r-- 1 root root   976 2022-07-12 17:39:16.247576130 +0800 Graphcore support for AI.md
-rw-r--r-- 1 root root   292 2022-07-12 17:39:16.247576130 +0800 Hardware for fun moment capturing.md
-rw-r--r-- 1 root root   248 2022-07-12 17:39:16.247576130 +0800 Image Restoration Upscaling.md
-rw-r--r-- 1 root root   195 2022-07-12 17:39:16.247576130 +0800 Install VSCode Extensions by ID.md
-rw-r--r-- 1 root root  3303 2022-07-12 17:39:16.247576130 +0800 Intel 9250 bluetooth Win server.md
-rw-r--r-- 1 root root   226 2022-07-12 17:39:16.247576130 +0800 IOS airtest control windows.md
-rw-r--r-- 1 root root   306 2022-07-12 17:39:16.247576130 +0800 Jiggy boring still image to funny dance video.md
-rw-r--r-- 1 root root  1411 2022-07-12 17:39:16.247576130 +0800 Jumpcut analysis.md
-rw-r--r-- 1 root root  1628 2022-07-12 17:39:16.247576130 +0800 Kafka Data Query.md
-rw-r--r-- 1 root root   139 2022-07-12 17:39:16.247576130 +0800 Kaggle Account.md
-rw-r--r-- 1 root root   198 2022-07-12 17:39:16.247576130 +0800 Kiwi Browser Bookmarks.md
-rw-r--r-- 1 root root   658 2022-07-12 17:39:16.247576130 +0800 Letsketch libwacom.md
-rw-r--r-- 1 root root   387 2022-07-12 17:39:16.247576130 +0800 Library System.md
-rw-r--r-- 1 root root   598 2022-07-12 17:39:16.247576130 +0800 Logic Optimizer for Different Models.md
-rw-r--r-- 1 root root   803 2022-07-12 17:39:16.247576130 +0800 Media repurpose tool.md
-rw-r--r-- 1 root root   121 2022-07-12 17:39:16.247576130 +0800 Mi Account changes.md
-rw-r--r-- 1 root root   388 2022-07-12 17:39:16.247576130 +0800 Minor changes will defeat deduplicate algorithm while maintain overall fluency.md
-rw-r--r-- 1 root root  2853 2022-07-12 17:39:16.247576130 +0800 MMDetection.md
-rw-r--r-- 1 root root   147 2022-07-12 17:39:16.247576130 +0800 Mobile data China Unicom.md
-rw-r--r-- 1 root root   227 2022-07-12 17:39:16.247576130 +0800 MongoDB Cheatsheet.md
-rw-r--r-- 1 root root   304 2022-07-12 17:39:16.247576130 +0800 Movie Scraping 2.md
-rw-r--r-- 1 root root   146 2022-07-12 17:39:16.247576130 +0800 Movie Scraping 3.md
